2025-04-22 09:37:55,253 [INFO] Activator:176 - 


2025-04-22 09:37:55,254 [INFO] Activator:177 - !SESSION log4j initialized
2025-04-22 09:37:57,105 [INFO] LogOutputStream:77 - [STDOUT_REDIRECT] 
2025-04-22 09:37:58,780 [INFO] ApplicationProperties:184 - Using Application install path: C:\ST\STM32CubeIDE_1.17.0\STM32CubeIDE\plugins\com.st.stm32cube.common.mx_6.13.0.202411220809
2025-04-22 09:37:58,803 [INFO] DbMcusXml:78 - Set database path to: C:\ST\STM32CubeIDE_1.17.0\STM32CubeIDE\plugins\com.st.stm32cube.common.mx_6.13.0.202411220809\\db\/mcu/
2025-04-22 09:37:58,803 [INFO] ApiDb:274 - Set plugin database path to: C:\ST\STM32CubeIDE_1.17.0\STM32CubeIDE\plugins\com.st.stm32cube.common.mx_6.13.0.202411220809\\db\/plugins/boardmanager/
2025-04-22 09:37:58,804 [WARN] ApiDb:259 - Overriding images path with different value:  => C:\ST\STM32CubeIDE_1.17.0\STM32CubeIDE\plugins\com.st.stm32cube.common.mx_6.13.0.202411220809\\db\/plugins/mcufinder/images/
2025-04-22 09:37:58,816 [INFO] ApiDb:250 - Set database path to: C:\Users\jirat\.stmcufinder\plugins\mcufinder//mcu/
2025-04-22 09:37:58,817 [INFO] DbMcusAds:125 - Set database path to: C:\Users\jirat\.stmcufinder\plugins\mcufinder//mcu/
2025-04-22 09:37:58,820 [INFO] CrossReferenceDbSqlite:203 - Set database path to: C:\Users\jirat\.stmcufinder\plugins\mcufinder//mcu/cs/
2025-04-22 09:37:58,924 [INFO] RulesReader:64 - Compatibility file has been processed (297 Rules)
2025-04-22 09:37:59,017 [INFO] DbMcusXml:78 - Set database path to: C:\ST\STM32CubeIDE_1.17.0\STM32CubeIDE\plugins\com.st.stm32cube.common.mx_6.13.0.202411220809\\db\/mcu/
2025-04-22 09:37:59,017 [INFO] ApiDb:274 - Set plugin database path to: C:\ST\STM32CubeIDE_1.17.0\STM32CubeIDE\plugins\com.st.stm32cube.common.mx_6.13.0.202411220809\\db\/plugins/boardmanager/
2025-04-22 09:37:59,017 [INFO] ApiDb:261 - Set plugin images path to: C:\ST\STM32CubeIDE_1.17.0\STM32CubeIDE\plugins\com.st.stm32cube.common.mx_6.13.0.202411220809\\db\/plugins/mcufinder/images/
2025-04-22 09:37:59,017 [WARN] DbFile:41 - Overriding database path with different value: C:\Users\jirat\.stmcufinder\plugins\mcufinder/ => C:\Users\jirat\.stmcufinder\plugins\mcufinder
2025-04-22 09:37:59,018 [INFO] ApiDb:250 - Set database path to: C:\Users\jirat\.stmcufinder\plugins\mcufinder//mcu/
2025-04-22 09:37:59,018 [WARN] DbFile:41 - Overriding database path with different value: C:\Users\jirat\.stmcufinder\plugins\mcufinder/ => C:\Users\jirat\.stmcufinder\plugins\mcufinder
2025-04-22 09:37:59,018 [INFO] DbMcusAds:125 - Set database path to: C:\Users\jirat\.stmcufinder\plugins\mcufinder//mcu/
2025-04-22 09:37:59,018 [WARN] DbFile:41 - Overriding database path with different value: C:\Users\jirat\.stmcufinder\plugins\mcufinder/ => C:\Users\jirat\.stmcufinder\plugins\mcufinder
2025-04-22 09:37:59,018 [WARN] DbFile:41 - Overriding database path with different value: C:\Users\jirat\.stmcufinder\plugins\mcufinder/ => C:\Users\jirat\.stmcufinder\plugins\mcufinder
2025-04-22 09:37:59,018 [INFO] CrossReferenceDbSqlite:203 - Set database path to: C:\Users\jirat\.stmcufinder\plugins\mcufinder//mcu/cs/
2025-04-22 09:37:59,085 [INFO] MainPanel:272 - HeapMemory: 268435456
2025-04-22 09:37:59,186 [INFO] DbMcusXml:78 - Set database path to: C:\ST\STM32CubeIDE_1.17.0\STM32CubeIDE\plugins\com.st.stm32cube.common.mx_6.13.0.202411220809\\db\/mcu/
2025-04-22 09:37:59,187 [INFO] ApiDb:274 - Set plugin database path to: C:\ST\STM32CubeIDE_1.17.0\STM32CubeIDE\plugins\com.st.stm32cube.common.mx_6.13.0.202411220809\\db\/plugins/boardmanager/
2025-04-22 09:37:59,187 [INFO] ApiDb:261 - Set plugin images path to: C:\ST\STM32CubeIDE_1.17.0\STM32CubeIDE\plugins\com.st.stm32cube.common.mx_6.13.0.202411220809\\db\/plugins/mcufinder/images/
2025-04-22 09:37:59,187 [WARN] DbFile:41 - Overriding database path with different value: C:\Users\jirat\.stmcufinder\plugins\mcufinder/ => C:\Users\jirat\.stmcufinder\plugins\mcufinder
2025-04-22 09:37:59,187 [INFO] ApiDb:250 - Set database path to: C:\Users\jirat\.stmcufinder\plugins\mcufinder//mcu/
2025-04-22 09:37:59,187 [WARN] DbFile:41 - Overriding database path with different value: C:\Users\jirat\.stmcufinder\plugins\mcufinder/ => C:\Users\jirat\.stmcufinder\plugins\mcufinder
2025-04-22 09:37:59,187 [INFO] DbMcusAds:125 - Set database path to: C:\Users\jirat\.stmcufinder\plugins\mcufinder//mcu/
2025-04-22 09:37:59,187 [WARN] DbFile:41 - Overriding database path with different value: C:\Users\jirat\.stmcufinder\plugins\mcufinder/ => C:\Users\jirat\.stmcufinder\plugins\mcufinder
2025-04-22 09:37:59,187 [WARN] DbFile:41 - Overriding database path with different value: C:\Users\jirat\.stmcufinder\plugins\mcufinder/ => C:\Users\jirat\.stmcufinder\plugins\mcufinder
2025-04-22 09:37:59,187 [INFO] CrossReferenceDbSqlite:203 - Set database path to: C:\Users\jirat\.stmcufinder\plugins\mcufinder//mcu/cs/
2025-04-22 09:37:59,203 [INFO] ApplicationProperties:184 - Using Application install path: C:\ST\STM32CubeIDE_1.17.0\STM32CubeIDE\plugins\com.st.stm32cube.common.mx_6.13.0.202411220809
2025-04-22 09:37:59,204 [INFO] PluginManage:196 - Search for loadable plugins [exclusion list=, ]
2025-04-22 09:37:59,206 [INFO] PluginManage:310 - Check plugin analytics
2025-04-22 09:37:59,392 [INFO] AnalyticsPlugin:253 - Accepted Software Licenses: STM32CubeMX.6.14.1
2025-04-22 09:37:59,392 [INFO] AnalyticsPlugin:255 - Accepted CMSIS Pack Licenses: ARM.CMSIS.6.0.0,ARM.CMSIS-DSP.1.15.0
2025-04-22 09:37:59,393 [INFO] AnalyticsPlugin:257 - Accepted Firmware Licenses: FW.G4.1.6.0
2025-04-22 09:37:59,398 [INFO] PluginManage:359 - Loaded plugin analytics (category:tool,tabindex:-1)
2025-04-22 09:37:59,398 [INFO] PluginManage:310 - Check plugin cadmodel
2025-04-22 09:37:59,404 [INFO] CADModel:105 - Init CAD model plugin
2025-04-22 09:37:59,404 [INFO] PluginManage:359 - Loaded plugin cadmodel (category:power,tabindex:5)
2025-04-22 09:37:59,404 [INFO] PluginManage:310 - Check plugin clock
2025-04-22 09:37:59,414 [INFO] PluginManage:359 - Loaded plugin clock (category:base,tabindex:2)
2025-04-22 09:37:59,414 [INFO] PluginManage:310 - Check plugin ddr
2025-04-22 09:37:59,416 [INFO] PluginManage:359 - Loaded plugin ddr (category:tool,tabindex:6)
2025-04-22 09:37:59,417 [INFO] PluginManage:310 - Check plugin filemanager
2025-04-22 09:37:59,617 [INFO] PluginManage:359 - Loaded plugin filemanager (category:base,tabindex:10)
2025-04-22 09:37:59,617 [INFO] PluginManage:310 - Check plugin ipmanager
2025-04-22 09:37:59,624 [INFO] PluginManage:359 - Loaded plugin ipmanager (category:base,tabindex:5)
2025-04-22 09:37:59,624 [INFO] PluginManage:310 - Check plugin lpbam
2025-04-22 09:37:59,631 [INFO] PluginManage:359 - Loaded plugin lpbam (category:base,tabindex:0)
2025-04-22 09:37:59,631 [INFO] PluginManage:310 - Check plugin memorymap
2025-04-22 09:37:59,642 [INFO] PluginManage:359 - Loaded plugin memorymap (category:base,tabindex:4)
2025-04-22 09:37:59,642 [INFO] PluginManage:310 - Check plugin pinoutandconfiguration
2025-04-22 09:37:59,649 [INFO] PluginManage:359 - Loaded plugin pinoutandconfiguration (category:base,tabindex:1)
2025-04-22 09:37:59,649 [INFO] PluginManage:310 - Check plugin pinoutconfig
2025-04-22 09:37:59,732 [WARN] SupportedApi:132 - Cannot load RTOS API schema: s4s-elt-must-match.1: The content of 'definitions' must match (annotation?, (simpleType | complexType)?, (unique | key | keyref)*)). A problem was found starting at: attribute.
2025-04-22 09:37:59,861 [INFO] PluginManage:359 - Loaded plugin pinoutconfig (category:base,tabindex:0)
2025-04-22 09:37:59,861 [INFO] PluginManage:310 - Check plugin power
2025-04-22 09:37:59,871 [INFO] PluginManage:359 - Loaded plugin power (category:power,tabindex:4)
2025-04-22 09:37:59,871 [INFO] PluginManage:310 - Check plugin projectmanager
2025-04-22 09:37:59,883 [INFO] PluginManage:359 - Loaded plugin projectmanager (category:projectmanager,tabindex:4)
2025-04-22 09:37:59,883 [INFO] PluginManage:310 - Check plugin rif
2025-04-22 09:37:59,888 [INFO] PluginManage:359 - Loaded plugin rif (category:base,tabindex:3)
2025-04-22 09:37:59,889 [INFO] PluginManage:310 - Check plugin thirdparty
2025-04-22 09:38:00,023 [WARN] IntegrityCheckThread:84 - waiting for thirdparty lock release [integrity check]
2025-04-22 09:38:00,024 [INFO] IntegrityCheckThread:86 - entering critical section [integrity check]
2025-04-22 09:38:00,024 [INFO] ThirdPartyUpdaterWithRetryManager:70 - Updater plugin not ready yet. [1/15]
2025-04-22 09:38:00,024 [INFO] PluginManage:359 - Loaded plugin thirdparty (category:base,tabindex:-1)
2025-04-22 09:38:00,025 [INFO] PluginManage:310 - Check plugin tools
2025-04-22 09:38:00,028 [INFO] PluginManage:359 - Loaded plugin tools (category:base,tabindex:7)
2025-04-22 09:38:00,028 [INFO] PluginManage:310 - Check plugin tutovideos
2025-04-22 09:38:00,156 [INFO] PluginManage:359 - Loaded plugin tutovideos (category:base,tabindex:-1)
2025-04-22 09:38:00,157 [INFO] PluginManage:310 - Check plugin updater
2025-04-22 09:38:00,178 [INFO] PluginManage:359 - Loaded plugin updater (category:base,tabindex:12)
2025-04-22 09:38:00,179 [INFO] PluginManage:310 - Check plugin userauth
2025-04-22 09:38:00,184 [INFO] UserAuth:118 - Init User Auth plugin
2025-04-22 09:38:00,186 [INFO] PluginManage:359 - Loaded plugin userauth (category:base,tabindex:14)
2025-04-22 09:38:00,187 [INFO] PluginManage:283 - PluginManage : Loaded plugins [18]
2025-04-22 09:38:00,360 [INFO] PinOutPanel:1589 - setPackage(No Configuration,No Configuration)
2025-04-22 09:38:00,432 [INFO] CADModel:165 - CPN selected for project level
2025-04-22 09:38:00,432 [INFO] CADModel:114 - Register for checkConnection events
2025-04-22 09:38:00,447 [INFO] IPUIPlugin:80 - create IPUIPlugin
2025-04-22 09:38:00,447 [INFO] PluginManager:220 - loadIPPluginJar : add adc
2025-04-22 09:38:00,450 [INFO] IPUIPlugin:80 - create IPUIPlugin
2025-04-22 09:38:00,450 [INFO] PluginManager:220 - loadIPPluginJar : add aes
2025-04-22 09:38:00,452 [INFO] IPUIPlugin:80 - create IPUIPlugin
2025-04-22 09:38:00,453 [INFO] PluginManager:220 - loadIPPluginJar : add can
2025-04-22 09:38:00,455 [INFO] IPUIPlugin:80 - create IPUIPlugin
2025-04-22 09:38:00,456 [INFO] PluginManager:220 - loadIPPluginJar : add comp
2025-04-22 09:38:00,459 [INFO] IPUIPlugin:80 - create IPUIPlugin
2025-04-22 09:38:00,459 [INFO] PluginManager:220 - loadIPPluginJar : add cryp
2025-04-22 09:38:00,464 [INFO] IPUIPlugin:80 - create IPUIPlugin
2025-04-22 09:38:00,464 [INFO] PluginManager:220 - loadIPPluginJar : add ddr_ctrl_phy
2025-04-22 09:38:00,466 [INFO] IPUIPlugin:80 - create IPUIPlugin
2025-04-22 09:38:00,467 [INFO] PluginManager:220 - loadIPPluginJar : add dfsdm
2025-04-22 09:38:00,472 [INFO] IPUIPlugin:80 - create IPUIPlugin
2025-04-22 09:38:00,473 [INFO] PluginManager:220 - loadIPPluginJar : add dma
2025-04-22 09:38:00,476 [INFO] IPUIPlugin:80 - create IPUIPlugin
2025-04-22 09:38:00,476 [INFO] PluginManager:220 - loadIPPluginJar : add dma3
2025-04-22 09:38:00,479 [INFO] IPUIPlugin:80 - create IPUIPlugin
2025-04-22 09:38:00,479 [INFO] PluginManager:220 - loadIPPluginJar : add extmemmanager
2025-04-22 09:38:00,480 [INFO] IPUIPlugin:80 - create IPUIPlugin
2025-04-22 09:38:00,481 [INFO] PluginManager:220 - loadIPPluginJar : add fatfs
2025-04-22 09:38:00,484 [INFO] IPUIPlugin:80 - create IPUIPlugin
2025-04-22 09:38:00,485 [INFO] PluginManager:220 - loadIPPluginJar : add fmc
2025-04-22 09:38:00,489 [INFO] IPUIPlugin:80 - create IPUIPlugin
2025-04-22 09:38:00,489 [INFO] PluginManager:220 - loadIPPluginJar : add freertos
2025-04-22 09:38:00,491 [INFO] IPUIPlugin:80 - create IPUIPlugin
2025-04-22 09:38:00,491 [INFO] PluginManager:220 - loadIPPluginJar : add genericplugin
2025-04-22 09:38:00,493 [INFO] IPUIPlugin:80 - create IPUIPlugin
2025-04-22 09:38:00,493 [INFO] PluginManager:220 - loadIPPluginJar : add gfxmmu
2025-04-22 09:38:00,496 [INFO] IPUIPlugin:80 - create IPUIPlugin
2025-04-22 09:38:00,497 [INFO] PluginManager:220 - loadIPPluginJar : add gic
2025-04-22 09:38:00,500 [INFO] IPUIPlugin:80 - create IPUIPlugin
2025-04-22 09:38:00,500 [INFO] PluginManager:220 - loadIPPluginJar : add gpio
2025-04-22 09:38:00,503 [INFO] IPUIPlugin:80 - create IPUIPlugin
2025-04-22 09:38:00,503 [INFO] PluginManager:220 - loadIPPluginJar : add gtzc
2025-04-22 09:38:00,506 [INFO] IPUIPlugin:80 - create IPUIPlugin
2025-04-22 09:38:00,506 [INFO] PluginManager:220 - loadIPPluginJar : add hash
2025-04-22 09:38:00,508 [INFO] IPUIPlugin:80 - create IPUIPlugin
2025-04-22 09:38:00,508 [INFO] PluginManager:220 - loadIPPluginJar : add i2c
2025-04-22 09:38:00,512 [INFO] IPUIPlugin:80 - create IPUIPlugin
2025-04-22 09:38:00,512 [INFO] PluginManager:220 - loadIPPluginJar : add i2s
2025-04-22 09:38:00,515 [INFO] IPUIPlugin:80 - create IPUIPlugin
2025-04-22 09:38:00,515 [INFO] PluginManager:220 - loadIPPluginJar : add i3c
2025-04-22 09:38:00,519 [INFO] IPUIPlugin:80 - create IPUIPlugin
2025-04-22 09:38:00,519 [INFO] PluginManager:220 - loadIPPluginJar : add ipddr
2025-04-22 09:38:00,526 [INFO] IPUIPlugin:80 - create IPUIPlugin
2025-04-22 09:38:00,527 [INFO] PluginManager:220 - loadIPPluginJar : add linkedlist
2025-04-22 09:38:00,530 [INFO] IPUIPlugin:80 - create IPUIPlugin
2025-04-22 09:38:00,530 [INFO] PluginManager:220 - loadIPPluginJar : add lorawan
2025-04-22 09:38:00,533 [INFO] IPUIPlugin:80 - create IPUIPlugin
2025-04-22 09:38:00,533 [INFO] PluginManager:220 - loadIPPluginJar : add ltdc
2025-04-22 09:38:00,539 [INFO] IPUIPlugin:80 - create IPUIPlugin
2025-04-22 09:38:00,539 [INFO] PluginManager:220 - loadIPPluginJar : add mdma
2025-04-22 09:38:00,543 [INFO] IPUIPlugin:80 - create IPUIPlugin
2025-04-22 09:38:00,543 [INFO] PluginManager:220 - loadIPPluginJar : add nvic
2025-04-22 09:38:00,547 [INFO] IPUIPlugin:80 - create IPUIPlugin
2025-04-22 09:38:00,548 [INFO] PluginManager:220 - loadIPPluginJar : add opamp
2025-04-22 09:38:00,551 [INFO] IPUIPlugin:80 - create IPUIPlugin
2025-04-22 09:38:00,551 [INFO] PluginManager:220 - loadIPPluginJar : add openamp
2025-04-22 09:38:00,555 [INFO] IPUIPlugin:80 - create IPUIPlugin
2025-04-22 09:38:00,555 [INFO] PluginManager:220 - loadIPPluginJar : add pdm2pcm
2025-04-22 09:38:00,560 [INFO] IPUIPlugin:80 - create IPUIPlugin
2025-04-22 09:38:00,562 [INFO] PluginManager:220 - loadIPPluginJar : add plateformsettings
2025-04-22 09:38:00,564 [INFO] IPUIPlugin:80 - create IPUIPlugin
2025-04-22 09:38:00,564 [INFO] PluginManager:220 - loadIPPluginJar : add quadspi
2025-04-22 09:38:00,566 [INFO] IPUIPlugin:80 - create IPUIPlugin
2025-04-22 09:38:00,567 [INFO] PluginManager:220 - loadIPPluginJar : add radio
2025-04-22 09:38:00,570 [INFO] IPUIPlugin:80 - create IPUIPlugin
2025-04-22 09:38:00,570 [INFO] PluginManager:220 - loadIPPluginJar : add resmgrutility
2025-04-22 09:38:00,573 [INFO] IPUIPlugin:80 - create IPUIPlugin
2025-04-22 09:38:00,573 [INFO] PluginManager:220 - loadIPPluginJar : add sai
2025-04-22 09:38:00,576 [INFO] IPUIPlugin:80 - create IPUIPlugin
2025-04-22 09:38:00,576 [INFO] PluginManager:220 - loadIPPluginJar : add spi
2025-04-22 09:38:00,582 [INFO] IPUIPlugin:80 - create IPUIPlugin
2025-04-22 09:38:00,582 [INFO] PluginManager:220 - loadIPPluginJar : add stm32_wpan
2025-04-22 09:38:00,584 [INFO] IPUIPlugin:80 - create IPUIPlugin
2025-04-22 09:38:00,584 [INFO] PluginManager:220 - loadIPPluginJar : add tim
2025-04-22 09:38:00,587 [INFO] IPUIPlugin:80 - create IPUIPlugin
2025-04-22 09:38:00,588 [INFO] PluginManager:220 - loadIPPluginJar : add touchsensing
2025-04-22 09:38:00,590 [INFO] IPUIPlugin:80 - create IPUIPlugin
2025-04-22 09:38:00,590 [INFO] PluginManager:220 - loadIPPluginJar : add tracer_emb
2025-04-22 09:38:00,592 [INFO] IPUIPlugin:80 - create IPUIPlugin
2025-04-22 09:38:00,592 [INFO] PluginManager:220 - loadIPPluginJar : add ts
2025-04-22 09:38:00,594 [INFO] IPUIPlugin:80 - create IPUIPlugin
2025-04-22 09:38:00,594 [INFO] PluginManager:220 - loadIPPluginJar : add tsc
2025-04-22 09:38:00,596 [INFO] IPUIPlugin:80 - create IPUIPlugin
2025-04-22 09:38:00,596 [INFO] PluginManager:220 - loadIPPluginJar : add ucpd
2025-04-22 09:38:00,599 [INFO] IPUIPlugin:80 - create IPUIPlugin
2025-04-22 09:38:00,599 [INFO] PluginManager:220 - loadIPPluginJar : add usart
2025-04-22 09:38:00,602 [INFO] IPUIPlugin:80 - create IPUIPlugin
2025-04-22 09:38:00,602 [INFO] PluginManager:220 - loadIPPluginJar : add usbx
2025-04-22 09:38:00,720 [FATAL] Updater:351 - Updater called before beeing initialized
2025-04-22 09:38:00,741 [INFO] RulesReader:64 - Compatibility file has been processed (297 Rules)
2025-04-22 09:38:00,749 [INFO] RulesReader:64 - Compatibility file has been processed (297 Rules)
2025-04-22 09:38:00,759 [INFO] CADModel:165 - CPN selected for project level
2025-04-22 09:38:00,759 [INFO] CADModel:114 - Register for checkConnection events
2025-04-22 09:38:00,760 [FATAL] Updater:351 - Updater called before beeing initialized
2025-04-22 09:38:00,760 [ERROR] CADModel:125 - Updater not yet initialized, retry later 
2025-04-22 09:38:00,892 [FATAL] Updater:351 - Updater called before beeing initialized
2025-04-22 09:38:00,894 [INFO] CADModel:165 - CPN selected for project level
2025-04-22 09:38:00,894 [INFO] CADModel:114 - Register for checkConnection events
2025-04-22 09:38:00,894 [FATAL] Updater:351 - Updater called before beeing initialized
2025-04-22 09:38:00,894 [ERROR] CADModel:125 - Updater not yet initialized, retry later 
2025-04-22 09:38:00,896 [FATAL] Updater:351 - Updater called before beeing initialized
2025-04-22 09:38:00,989 [FATAL] Updater:351 - Updater called before beeing initialized
2025-04-22 09:38:00,993 [INFO] DbMcusAds:53 - JSON generation date=Thu Mar 06 21:54:21 ICT 2025 (1741272861825)
2025-04-22 09:38:00,994 [FATAL] Updater:351 - Updater called before beeing initialized
2025-04-22 09:38:01,028 [WARN] DetailPanel:346 - Failed to get advertising image, set to default
2025-04-22 09:38:01,201 [FATAL] Updater:351 - Updater called before beeing initialized
2025-04-22 09:38:01,203 [FATAL] Updater:351 - Updater called before beeing initialized
2025-04-22 09:38:01,203 [FATAL] Updater:351 - Updater called before beeing initialized
2025-04-22 09:38:01,203 [WARN] DetailPanel:346 - Failed to get advertising image, set to default
2025-04-22 09:38:01,204 [FATAL] Updater:351 - Updater called before beeing initialized
2025-04-22 09:38:01,242 [ERROR] Updater:1198 - MainUpdater not yet initialized. External WinMGr cannot be set.
2025-04-22 09:38:01,244 [INFO] Updater:1134 - Updater Version found : 6.13.0
2025-04-22 09:38:01,259 [INFO] ApplicationProperties:184 - Using Application install path: C:\ST\STM32CubeIDE_1.17.0\STM32CubeIDE\plugins\com.st.stm32cube.common.mx_6.13.0.202411220809
2025-04-22 09:38:02,826 [ERROR] LogOutputStream:75 - [STDERR_REDIRECT] Apr 22, 2025 9:38:02 AM java.util.prefs.WindowsPreferences <init>
2025-04-22 09:38:02,827 [ERROR] LogOutputStream:75 - [STDERR_REDIRECT] WARNING: Could not open/create prefs root node Software\JavaSoft\Prefs at root 0xffffffff80000002. Windows RegCreateKeyEx(...) returned error code 5.
2025-04-22 09:38:02,827 [ERROR] LogOutputStream:75 - [STDERR_REDIRECT] 
2025-04-22 09:38:03,025 [INFO] ThirdPartyUpdaterWithRetryManager:70 - Updater plugin not ready yet. [2/15]
2025-04-22 09:38:03,073 [INFO] MainUpdater:2872 - connection check result : 10
2025-04-22 09:38:03,074 [INFO] MainUpdater:3566 - Updater definition file requires update
2025-04-22 09:38:03,075 [INFO] MainUpdater:289 - Updater Check For Update Now.
2025-04-22 09:38:03,075 [INFO] MicroXplorer:498 - Change Database Version : DB.6.0.130
2025-04-22 09:38:03,082 [INFO] McuFinderGlobals:63 - Set McuFinder mode to 2 (CubeIDE integrated)
2025-04-22 09:38:03,082 [INFO] UserAuth:171 - activating auth plugin
2025-04-22 09:38:03,084 [INFO] UserAuth:486 - Internet connection configuration mode: 1
2025-04-22 09:38:03,091 [INFO] ServerAccessManage:473 - Download File updaters.zip
2025-04-22 09:38:03,098 [INFO] JxBrowserEngine:152 - Initiate JxBrowser Engine with user profile folder
2025-04-22 09:38:03,139 [INFO] FileExtend:240 - Unzip File : updaters.zip
2025-04-22 09:38:03,139 [INFO] FileExtend:255 - Standard Zip Deflate
2025-04-22 09:38:03,394 [INFO] ServerAccessManage:473 - Download File PacksControlFlags.xml
2025-04-22 09:38:03,486 [INFO] ServerAccessManage:473 - Download File cubemx.pidx
2025-04-22 09:38:04,416 [INFO] ServerAccessManage:473 - Download File STMicroelectronics.X-CUBE-WB05N.pdsc
2025-04-22 09:38:04,721 [INFO] WebApp:168 - Instantiating new browser for Auth
2025-04-22 09:38:04,778 [ERROR] ServerAccessManage:1172 - Problem during Server Connection :  IO error PKIX path building failed: sun.security.provider.certpath.SunCertPathBuilderException: unable to find valid certification path to requested target
2025-04-22 09:38:04,778 [ERROR] ServerAccessManage:651 - Problem during Server Connection :  : Avnet-IotConnect.X-CUBE-IoTC-DA16k-PMOD.pdsc.
2025-04-22 09:38:04,931 [WARN] PackLoader:240 - Cannot read IP mode file for STMicroelectronics.X-CUBE-WB05N.2.0.0
2025-04-22 09:38:04,933 [INFO] PopulateThirdPartyThread:66 - Ending populate Thread
2025-04-22 09:38:04,935 [INFO] ThirdParty:1030 - CMSIS Pack Vendor :STMicroelectronics X-CUBE-WB05N 2.0.0
2025-04-22 09:38:04,935 [INFO] LoadServerUpdatesThread:375 - End of LoadServerUpdate Thread
2025-04-22 09:38:04,967 [INFO] CheckServerUpdateThread:120 - End of CheckServer Thread
2025-04-22 09:38:05,428 [INFO] WebApp:449 - Apply proxy settings
2025-04-22 09:38:05,429 [INFO] WebApp:534 - Chromium requires no authentication
2025-04-22 09:38:05,435 [INFO] WebApp:477 - Direct internet connection detected
2025-04-22 09:38:05,454 [INFO] WebApp:880 - Register for checkConnection events
2025-04-22 09:38:05,455 [INFO] WebApp:449 - Apply proxy settings
2025-04-22 09:38:05,455 [INFO] WebApp:534 - Chromium requires no authentication
2025-04-22 09:38:05,455 [INFO] WebApp:477 - Direct internet connection detected
2025-04-22 09:38:05,572 [INFO] WebApp:221 - Starting web application
2025-04-22 09:38:05,572 [INFO] WebApp:579 - Web application path used C:\ST\STM32CubeIDE_1.17.0\STM32CubeIDE\plugins\com.st.stm32cube.common.mx_6.13.0.202411220809\db\plugins\mcufinder\reactClient1\index.html
2025-04-22 09:38:05,678 [INFO] WebApp:187 - Connection restablished
2025-04-22 09:38:05,911 [ERROR] LogOutputStream:75 - [STDERR_REDIRECT] [Fatal Error] :1:1: Premature end of file.
2025-04-22 09:38:05,912 [ERROR] LogOutputStream:75 - [STDERR_REDIRECT] 
2025-04-22 09:38:06,168 [WARN] PackLoader:240 - Cannot read IP mode file for STMicroelectronics.FP-SNS-MOTENVWB1.1.4.0
2025-04-22 09:38:06,173 [WARN] PackLoader:240 - Cannot read IP mode file for STMicroelectronics.FP-ATR-ASTRA1.2.0.2
2025-04-22 09:38:06,181 [WARN] PackLoader:240 - Cannot read IP mode file for STMicroelectronics.X-CUBE-SMBUS.2.1.0
2025-04-22 09:38:06,186 [WARN] PackLoader:240 - Cannot read IP mode file for STMicroelectronics.X-CUBE-WB05N.1.1.0
2025-04-22 09:38:06,206 [WARN] PackLoader:240 - Cannot read IP mode file for STMicroelectronics.X-CUBE-AZRTOS-F7.1.1.0
2025-04-22 09:38:06,225 [WARN] PackLoader:240 - Cannot read IP mode file for Infineon.AIROC-Wi-Fi-Bluetooth-STM32.1.7.0
2025-04-22 09:38:06,235 [WARN] PackLoader:240 - Cannot read IP mode file for STMicroelectronics.X-CUBE-DISPLAY.3.0.0
2025-04-22 09:38:06,241 [WARN] PackLoader:240 - Cannot read IP mode file for STMicroelectronics.X-CUBE-NFC10.1.0.0
2025-04-22 09:38:06,249 [WARN] PackLoader:240 - Cannot read IP mode file for STMicroelectronics.X-CUBE-BLEMGR.4.0.0
2025-04-22 09:38:06,255 [WARN] PackLoader:240 - Cannot read IP mode file for emotas.I-CUBE-CANOPEN.1.3.0
2025-04-22 09:38:06,259 [WARN] ConditionMgr:438 - getConditionDescription Invalid condition id : Cortex-A Device cause : null
2025-04-22 09:38:06,271 [WARN] ConditionMgr:1044 - genDependencies : Invalid condition id : Cortex-A Device cause : null
2025-04-22 09:38:06,271 [WARN] ConditionMgr:1044 - genDependencies : Invalid condition id : Cortex-A Device cause : null
2025-04-22 09:38:06,271 [WARN] ConditionMgr:1044 - genDependencies : Invalid condition id : Cortex-A Device cause : null
2025-04-22 09:38:06,274 [WARN] PackLoader:240 - Cannot read IP mode file for STMicroelectronics.X-CUBE-AI.10.0.0
2025-04-22 09:38:06,278 [WARN] PackLoader:240 - Cannot read IP mode file for STMicroelectronics.FP-SNS-SMARTAG2.1.2.0
2025-04-22 09:38:06,281 [WARN] PackLoader:240 - Cannot read IP mode file for STMicroelectronics.FP-SNS-FLIGHT1.5.1.0
2025-04-22 09:38:06,308 [WARN] PackLoader:240 - Cannot read IP mode file for STMicroelectronics.X-CUBE-MEMS1.11.1.0
2025-04-22 09:38:06,412 [INFO] LogOutputStream:77 - [STDOUT_REDIRECT] 1 : Invalid condition id : UX_CORESTACK_Condition cause : null
2025-04-22 09:38:06,413 [INFO] LogOutputStream:77 - [STDOUT_REDIRECT] 1 : Invalid condition id : UX_CORESTACK_Condition cause : null
2025-04-22 09:38:06,414 [INFO] LogOutputStream:77 - [STDOUT_REDIRECT] 1 : Invalid condition id : UX_CORESTACK_Condition cause : null
2025-04-22 09:38:06,415 [INFO] LogOutputStream:77 - [STDOUT_REDIRECT] 1 : Invalid condition id : UX_CORESTACK_Condition cause : null
2025-04-22 09:38:06,415 [INFO] LogOutputStream:77 - [STDOUT_REDIRECT] 1 : Invalid condition id : UX_CORESTACK_Condition cause : null
2025-04-22 09:38:06,417 [WARN] PackLoader:240 - Cannot read IP mode file for STMicroelectronics.X-CUBE-AZRTOS-WL.2.0.0
2025-04-22 09:38:06,421 [WARN] PackLoader:240 - Cannot read IP mode file for STMicroelectronics.FP-SNS-MOTENV1.5.0.0
2025-04-22 09:38:06,428 [WARN] PackLoader:240 - Cannot read IP mode file for WES.I-CUBE-Cesium.1.3.0
2025-04-22 09:38:06,431 [WARN] PackLoader:240 - Cannot read IP mode file for STMicroelectronics.X-CUBE-BLE2.3.3.0
2025-04-22 09:38:06,435 [WARN] PackLoader:240 - Cannot read IP mode file for STMicroelectronics.X-CUBE-NFC9.1.0.0
2025-04-22 09:38:06,439 [WARN] PackLoader:240 - Cannot read IP mode file for STMicroelectronics.X-CUBE-BLE1.7.1.0
2025-04-22 09:38:06,443 [WARN] PackLoader:240 - Cannot read IP mode file for wolfSSL.I-CUBE-wolfMQTT.1.19.2
2025-04-22 09:38:06,466 [WARN] PackLoader:240 - Cannot read IP mode file for STMicroelectronics.X-CUBE-MEMS1.11.2.0
2025-04-22 09:38:06,553 [WARN] PackLoader:240 - Cannot read IP mode file for STMicroelectronics.X-CUBE-AZRTOS-G0.1.1.0
2025-04-22 09:38:06,557 [WARN] PackLoader:240 - Cannot read IP mode file for STMicroelectronics.X-CUBE-SAFEA1.1.2.2
2025-04-22 09:38:06,561 [WARN] PackLoader:240 - Cannot read IP mode file for STMicroelectronics.X-CUBE-NFC4.3.0.0
2025-04-22 09:38:06,565 [WARN] PackLoader:240 - Cannot read IP mode file for EmbeddedOffice.I-CUBE-FS-RTOS.1.0.1
2025-04-22 09:38:06,569 [WARN] PackLoader:240 - Cannot read IP mode file for STMicroelectronics.X-CUBE-WB05N.2.0.0
2025-04-22 09:38:06,571 [WARN] PackLoader:240 - Cannot read IP mode file for wolfSSL.I-CUBE-wolfTPM.3.8.0
2025-04-22 09:38:06,576 [WARN] PackLoader:240 - Cannot read IP mode file for STMicroelectronics.X-CUBE-TCPP.4.2.0
2025-04-22 09:38:06,579 [WARN] PackLoader:240 - Cannot read IP mode file for RealThread.X-CUBE-RT-Thread_Nano.4.1.1
2025-04-22 09:38:06,582 [WARN] PackLoader:240 - Cannot read IP mode file for STMicroelectronics.FP-ATR-SIGFOX1.3.2.0
2025-04-22 09:38:06,586 [WARN] PackLoader:240 - Cannot read IP mode file for STMicroelectronics.X-CUBE-EEPRMA1.5.1.0
2025-04-22 09:38:06,589 [WARN] PackLoader:240 - Cannot read IP mode file for wolfSSL.I-CUBE-wolfSSL.5.7.6
2025-04-22 09:38:06,592 [WARN] PackLoader:240 - Cannot read IP mode file for ITTIA_DB.I-CUBE-ITTIADB.8.9.0
2025-04-22 09:38:06,606 [WARN] PackLoader:240 - Cannot read IP mode file for SEGGER.I-CUBE-embOS.1.3.1
2025-04-22 09:38:06,626 [WARN] PackLoader:240 - Cannot read IP mode file for STMicroelectronics.X-CUBE-ALGOBUILD.1.4.0
2025-04-22 09:38:06,635 [WARN] PackLoader:240 - Cannot read IP mode file for STMicroelectronics.X-CUBE-AZRTOS-F4.1.1.0
2025-04-22 09:38:06,639 [WARN] PackLoader:240 - Cannot read IP mode file for STMicroelectronics.X-CUBE-ISPU.2.1.0
2025-04-22 09:38:06,648 [WARN] PackLoader:240 - Cannot read IP mode file for STMicroelectronics.X-CUBE-AZRTOS-L5.2.0.0
2025-04-22 09:38:06,653 [WARN] PackLoader:240 - Cannot read IP mode file for STMicroelectronics.X-CUBE-NFC6.3.1.0
2025-04-22 09:38:06,672 [WARN] PackLoader:240 - Cannot read IP mode file for STMicroelectronics.X-CUBE-FREERTOS.1.3.0
2025-04-22 09:38:06,676 [WARN] PackLoader:240 - Cannot read IP mode file for STMicroelectronics.X-CUBE-NFC7.1.0.1
2025-04-22 09:38:06,680 [WARN] PackLoader:240 - Cannot read IP mode file for STMicroelectronics.X-CUBE-DPower.1.3.0
2025-04-22 09:38:06,689 [WARN] ConditionMgr:438 - getConditionDescription Invalid condition id : LAN8742 Phy interface Condition cause : null
2025-04-22 09:38:06,690 [WARN] PackLoader:240 - Cannot read IP mode file for STMicroelectronics.X-CUBE-AZRTOS-L4.2.0.0
2025-04-22 09:38:06,691 [WARN] ConditionMgr:1044 - genDependencies : Invalid condition id : LAN8742 Phy interface Condition cause : null
2025-04-22 09:38:06,691 [WARN] ConditionMgr:1044 - genDependencies : Invalid condition id : LAN8742 Phy interface Condition cause : null
2025-04-22 09:38:06,692 [WARN] ConditionMgr:1044 - genDependencies : Invalid condition id : LAN8742 Phy interface Condition cause : null
2025-04-22 09:38:06,717 [WARN] PackLoader:240 - Cannot read IP mode file for STMicroelectronics.X-CUBE-SFXS2LP1.4.0.0
2025-04-22 09:38:06,727 [WARN] PackLoader:240 - Cannot read IP mode file for STMicroelectronics.X-CUBE-AZRTOS-H7.3.3.0
2025-04-22 09:38:06,731 [ERROR] LogOutputStream:75 - [STDERR_REDIRECT] [Fatal Error] :1:1: Premature end of file.
2025-04-22 09:38:06,731 [ERROR] LogOutputStream:75 - [STDERR_REDIRECT] 
2025-04-22 09:38:06,734 [WARN] ConditionMgr:438 - getConditionDescription Invalid condition id : UX DEVICE CLASS RTOS Condition cause : null
2025-04-22 09:38:06,734 [WARN] ConditionMgr:438 - getConditionDescription Invalid condition id : UX DEVICE CLASS RTOS Condition cause : null
2025-04-22 09:38:06,735 [WARN] PackLoader:240 - Cannot read IP mode file for STMicroelectronics.X-CUBE-AZRTOS-WB.2.0.0
2025-04-22 09:38:06,735 [WARN] ConditionMgr:1044 - genDependencies : Invalid condition id : UX DEVICE CLASS RTOS Condition cause : null
2025-04-22 09:38:06,735 [WARN] ConditionMgr:1044 - genDependencies : Invalid condition id : UX DEVICE CLASS RTOS Condition cause : null
2025-04-22 09:38:06,735 [WARN] ConditionMgr:1044 - genDependencies : Invalid condition id : UX DEVICE CLASS RTOS Condition cause : null
2025-04-22 09:38:06,735 [WARN] ConditionMgr:1044 - genDependencies : Invalid condition id : UX DEVICE CLASS RTOS Condition cause : null
2025-04-22 09:38:06,736 [WARN] ConditionMgr:1044 - genDependencies : Invalid condition id : UX DEVICE CLASS RTOS Condition cause : null
2025-04-22 09:38:06,739 [WARN] PackLoader:240 - Cannot read IP mode file for STMicroelectronics.X-CUBE-GNSS1.7.0.1
2025-04-22 09:38:06,743 [WARN] PackLoader:240 - Cannot read IP mode file for STMicroelectronics.X-CUBE-TOUCHGFX.4.25.0
2025-04-22 09:38:06,747 [WARN] PackLoader:240 - Cannot read IP mode file for STMicroelectronics.FP-SNS-STBOX1.2.0.0
2025-04-22 09:38:06,753 [WARN] PackLoader:240 - Cannot read IP mode file for STMicroelectronics.X-CUBE-SUBG2.5.0.0
2025-04-22 09:38:06,770 [WARN] PackLoader:240 - Cannot read IP mode file for STMicroelectronics.X-CUBE-AZRTOS-H7RS.1.1.0
2025-04-22 09:38:06,774 [WARN] PackLoader:240 - Cannot read IP mode file for Cesanta.I-CUBE-Mongoose.7.13.0
2025-04-22 09:38:06,780 [WARN] PackLoader:240 - Cannot read IP mode file for STMicroelectronics.X-CUBE-AZRTOS-G4.2.0.0
2025-04-22 09:38:06,784 [WARN] PackLoader:240 - Cannot read IP mode file for wolfSSL.I-CUBE-wolfSSH.1.4.20
2025-04-22 09:38:06,790 [WARN] PackLoader:240 - Cannot read IP mode file for STMicroelectronics.X-CUBE-IPS.3.1.0
2025-04-22 09:38:06,795 [WARN] PackLoader:240 - Cannot read IP mode file for STMicroelectronics.X-CUBE-ALS.1.0.2
2025-04-22 09:38:06,799 [WARN] PackLoader:240 - Cannot read IP mode file for portGmbH.I-Cube-SoM-uGOAL.1.1.0
2025-04-22 09:38:06,804 [WARN] PackLoader:240 - Cannot read IP mode file for STMicroelectronics.X-CUBE-TOF1.3.4.2
2025-04-22 09:38:06,814 [WARN] PackLoader:240 - Cannot read IP mode file for STMicroelectronics.X-CUBE-TOF1.3.4.3
2025-04-22 09:38:06,821 [INFO] ThirdParty:978 - Integrity check success = true
2025-04-22 09:38:06,821 [INFO] IntegrityCheckThread:100 - exiting critical section [integrity check]
2025-04-22 09:38:06,821 [INFO] IntegrityCheckThread:103 - End integrity checks thread
2025-04-22 09:38:07,725 [ERROR] LogOutputStream:75 - [STDERR_REDIRECT] [Fatal Error] :1:1: Premature end of file.
2025-04-22 09:38:07,726 [ERROR] LogOutputStream:75 - [STDERR_REDIRECT] 
2025-04-22 09:38:08,731 [ERROR] LogOutputStream:75 - [STDERR_REDIRECT] [Fatal Error] :1:1: Premature end of file.
2025-04-22 09:38:08,732 [ERROR] LogOutputStream:75 - [STDERR_REDIRECT] 
2025-04-22 09:38:09,720 [ERROR] LogOutputStream:75 - [STDERR_REDIRECT] [Fatal Error] :1:1: Premature end of file.
2025-04-22 09:38:09,720 [ERROR] LogOutputStream:75 - [STDERR_REDIRECT] 
2025-04-22 09:38:10,721 [ERROR] LogOutputStream:75 - [STDERR_REDIRECT] [Fatal Error] :1:1: Premature end of file.
2025-04-22 09:38:10,721 [ERROR] LogOutputStream:75 - [STDERR_REDIRECT] 
2025-04-22 09:38:11,734 [ERROR] LogOutputStream:75 - [STDERR_REDIRECT] [Fatal Error] :1:1: Premature end of file.
2025-04-22 09:38:11,734 [ERROR] LogOutputStream:75 - [STDERR_REDIRECT] 
2025-04-22 09:38:12,726 [ERROR] LogOutputStream:75 - [STDERR_REDIRECT] [Fatal Error] :1:1: Premature end of file.
2025-04-22 09:38:12,726 [ERROR] LogOutputStream:75 - [STDERR_REDIRECT] 
2025-04-22 09:38:13,720 [ERROR] LogOutputStream:75 - [STDERR_REDIRECT] [Fatal Error] :1:1: Premature end of file.
2025-04-22 09:38:13,720 [ERROR] LogOutputStream:75 - [STDERR_REDIRECT] 
2025-04-22 09:38:14,738 [ERROR] LogOutputStream:75 - [STDERR_REDIRECT] [Fatal Error] :1:1: Premature end of file.
2025-04-22 09:38:14,738 [ERROR] LogOutputStream:75 - [STDERR_REDIRECT] 
2025-04-22 09:38:15,724 [ERROR] LogOutputStream:75 - [STDERR_REDIRECT] [Fatal Error] :1:1: Premature end of file.
2025-04-22 09:38:15,725 [ERROR] LogOutputStream:75 - [STDERR_REDIRECT] 
2025-04-22 09:38:16,723 [ERROR] LogOutputStream:75 - [STDERR_REDIRECT] [Fatal Error] :1:1: Premature end of file.
2025-04-22 09:38:16,724 [ERROR] LogOutputStream:75 - [STDERR_REDIRECT] 
2025-04-22 09:38:17,725 [ERROR] LogOutputStream:75 - [STDERR_REDIRECT] [Fatal Error] :1:1: Premature end of file.
2025-04-22 09:38:17,725 [ERROR] LogOutputStream:75 - [STDERR_REDIRECT] 
2025-04-22 09:38:18,731 [ERROR] LogOutputStream:75 - [STDERR_REDIRECT] [Fatal Error] :1:1: Premature end of file.
2025-04-22 09:38:18,731 [ERROR] LogOutputStream:75 - [STDERR_REDIRECT] 
2025-04-22 09:38:19,737 [ERROR] LogOutputStream:75 - [STDERR_REDIRECT] [Fatal Error] :1:1: Premature end of file.
2025-04-22 09:38:19,737 [ERROR] LogOutputStream:75 - [STDERR_REDIRECT] 
2025-04-22 09:38:20,730 [ERROR] LogOutputStream:75 - [STDERR_REDIRECT] [Fatal Error] :1:1: Premature end of file.
2025-04-22 09:38:20,730 [ERROR] LogOutputStream:75 - [STDERR_REDIRECT] 
2025-04-22 09:38:21,733 [ERROR] LogOutputStream:75 - [STDERR_REDIRECT] [Fatal Error] :1:1: Premature end of file.
2025-04-22 09:38:21,733 [ERROR] LogOutputStream:75 - [STDERR_REDIRECT] 
2025-04-22 09:38:22,720 [ERROR] LogOutputStream:75 - [STDERR_REDIRECT] [Fatal Error] :1:1: Premature end of file.
2025-04-22 09:38:22,720 [ERROR] LogOutputStream:75 - [STDERR_REDIRECT] 
2025-04-22 09:38:23,722 [ERROR] LogOutputStream:75 - [STDERR_REDIRECT] [Fatal Error] :1:1: Premature end of file.
2025-04-22 09:38:23,722 [ERROR] LogOutputStream:75 - [STDERR_REDIRECT] 
2025-04-22 09:38:24,720 [ERROR] LogOutputStream:75 - [STDERR_REDIRECT] [Fatal Error] :1:1: Premature end of file.
2025-04-22 09:38:24,720 [ERROR] LogOutputStream:75 - [STDERR_REDIRECT] 
2025-04-22 09:38:25,720 [ERROR] LogOutputStream:75 - [STDERR_REDIRECT] [Fatal Error] :1:1: Premature end of file.
2025-04-22 09:38:25,720 [ERROR] LogOutputStream:75 - [STDERR_REDIRECT] 
2025-04-22 09:38:26,735 [ERROR] LogOutputStream:75 - [STDERR_REDIRECT] [Fatal Error] :1:1: Premature end of file.
2025-04-22 09:38:26,735 [ERROR] LogOutputStream:75 - [STDERR_REDIRECT] 
2025-04-22 09:38:27,721 [ERROR] LogOutputStream:75 - [STDERR_REDIRECT] [Fatal Error] :1:1: Premature end of file.
2025-04-22 09:38:27,721 [ERROR] LogOutputStream:75 - [STDERR_REDIRECT] 
2025-04-22 09:38:28,738 [ERROR] LogOutputStream:75 - [STDERR_REDIRECT] [Fatal Error] :1:1: Premature end of file.
2025-04-22 09:38:28,738 [ERROR] LogOutputStream:75 - [STDERR_REDIRECT] 
2025-04-22 09:38:29,723 [ERROR] LogOutputStream:75 - [STDERR_REDIRECT] [Fatal Error] :1:1: Premature end of file.
2025-04-22 09:38:29,723 [ERROR] LogOutputStream:75 - [STDERR_REDIRECT] 
2025-04-22 09:38:30,722 [ERROR] LogOutputStream:75 - [STDERR_REDIRECT] [Fatal Error] :1:1: Premature end of file.
2025-04-22 09:38:30,722 [ERROR] LogOutputStream:75 - [STDERR_REDIRECT] 
2025-04-22 09:38:31,723 [ERROR] LogOutputStream:75 - [STDERR_REDIRECT] [Fatal Error] :1:1: Premature end of file.
2025-04-22 09:38:31,723 [ERROR] LogOutputStream:75 - [STDERR_REDIRECT] 
2025-04-22 09:38:32,726 [ERROR] LogOutputStream:75 - [STDERR_REDIRECT] [Fatal Error] :1:1: Premature end of file.
2025-04-22 09:38:32,726 [ERROR] LogOutputStream:75 - [STDERR_REDIRECT] 
2025-04-22 09:38:33,721 [ERROR] LogOutputStream:75 - [STDERR_REDIRECT] [Fatal Error] :1:1: Premature end of file.
2025-04-22 09:38:33,722 [ERROR] LogOutputStream:75 - [STDERR_REDIRECT] 
2025-04-22 09:38:34,737 [ERROR] LogOutputStream:75 - [STDERR_REDIRECT] [Fatal Error] :1:1: Premature end of file.
2025-04-22 09:38:34,737 [ERROR] LogOutputStream:75 - [STDERR_REDIRECT] 
2025-04-22 09:38:35,730 [ERROR] LogOutputStream:75 - [STDERR_REDIRECT] [Fatal Error] :1:1: Premature end of file.
2025-04-22 09:38:35,730 [ERROR] LogOutputStream:75 - [STDERR_REDIRECT] 
2025-04-22 09:38:36,720 [ERROR] LogOutputStream:75 - [STDERR_REDIRECT] [Fatal Error] :1:1: Premature end of file.
2025-04-22 09:38:36,721 [ERROR] LogOutputStream:75 - [STDERR_REDIRECT] 
2025-04-22 09:38:37,726 [ERROR] LogOutputStream:75 - [STDERR_REDIRECT] [Fatal Error] :1:1: Premature end of file.
2025-04-22 09:38:37,726 [ERROR] LogOutputStream:75 - [STDERR_REDIRECT] 
2025-04-22 09:38:38,727 [ERROR] LogOutputStream:75 - [STDERR_REDIRECT] [Fatal Error] :1:1: Premature end of file.
2025-04-22 09:38:38,727 [ERROR] LogOutputStream:75 - [STDERR_REDIRECT] 
2025-04-22 09:38:39,731 [ERROR] LogOutputStream:75 - [STDERR_REDIRECT] [Fatal Error] :1:1: Premature end of file.
2025-04-22 09:38:39,731 [ERROR] LogOutputStream:75 - [STDERR_REDIRECT] 
2025-04-22 09:38:40,722 [ERROR] LogOutputStream:75 - [STDERR_REDIRECT] [Fatal Error] :1:1: Premature end of file.
2025-04-22 09:38:40,722 [ERROR] LogOutputStream:75 - [STDERR_REDIRECT] 
2025-04-22 09:38:41,724 [ERROR] LogOutputStream:75 - [STDERR_REDIRECT] [Fatal Error] :1:1: Premature end of file.
2025-04-22 09:38:41,725 [ERROR] LogOutputStream:75 - [STDERR_REDIRECT] 
2025-04-22 09:38:42,722 [ERROR] LogOutputStream:75 - [STDERR_REDIRECT] [Fatal Error] :1:1: Premature end of file.
2025-04-22 09:38:42,722 [ERROR] LogOutputStream:75 - [STDERR_REDIRECT] 
2025-04-22 09:38:43,736 [ERROR] LogOutputStream:75 - [STDERR_REDIRECT] [Fatal Error] :1:1: Premature end of file.
2025-04-22 09:38:43,736 [ERROR] LogOutputStream:75 - [STDERR_REDIRECT] 
2025-04-22 09:38:44,724 [ERROR] LogOutputStream:75 - [STDERR_REDIRECT] [Fatal Error] :1:1: Premature end of file.
2025-04-22 09:38:44,724 [ERROR] LogOutputStream:75 - [STDERR_REDIRECT] 
2025-04-22 09:38:45,722 [ERROR] LogOutputStream:75 - [STDERR_REDIRECT] [Fatal Error] :1:1: Premature end of file.
2025-04-22 09:38:45,722 [ERROR] LogOutputStream:75 - [STDERR_REDIRECT] 
2025-04-22 09:38:46,726 [ERROR] LogOutputStream:75 - [STDERR_REDIRECT] [Fatal Error] :1:1: Premature end of file.
2025-04-22 09:38:46,726 [ERROR] LogOutputStream:75 - [STDERR_REDIRECT] 
2025-04-22 09:38:47,726 [ERROR] LogOutputStream:75 - [STDERR_REDIRECT] [Fatal Error] :1:1: Premature end of file.
2025-04-22 09:38:47,726 [ERROR] LogOutputStream:75 - [STDERR_REDIRECT] 
2025-04-22 09:38:48,726 [ERROR] LogOutputStream:75 - [STDERR_REDIRECT] [Fatal Error] :1:1: Premature end of file.
2025-04-22 09:38:48,727 [ERROR] LogOutputStream:75 - [STDERR_REDIRECT] 
2025-04-22 09:38:49,728 [ERROR] LogOutputStream:75 - [STDERR_REDIRECT] [Fatal Error] :1:1: Premature end of file.
2025-04-22 09:38:49,728 [ERROR] LogOutputStream:75 - [STDERR_REDIRECT] 
2025-04-22 09:38:50,724 [ERROR] LogOutputStream:75 - [STDERR_REDIRECT] [Fatal Error] :1:1: Premature end of file.
2025-04-22 09:38:50,724 [ERROR] LogOutputStream:75 - [STDERR_REDIRECT] 
2025-04-22 09:38:51,721 [ERROR] LogOutputStream:75 - [STDERR_REDIRECT] [Fatal Error] :1:1: Premature end of file.
2025-04-22 09:38:51,721 [ERROR] LogOutputStream:75 - [STDERR_REDIRECT] 
2025-04-22 09:38:52,717 [ERROR] LogOutputStream:75 - [STDERR_REDIRECT] [Fatal Error] :1:1: Premature end of file.
2025-04-22 09:38:52,718 [ERROR] LogOutputStream:75 - [STDERR_REDIRECT] 
2025-04-22 09:38:53,724 [ERROR] LogOutputStream:75 - [STDERR_REDIRECT] [Fatal Error] :1:1: Premature end of file.
2025-04-22 09:38:53,724 [ERROR] LogOutputStream:75 - [STDERR_REDIRECT] 
2025-04-22 09:38:54,719 [ERROR] LogOutputStream:75 - [STDERR_REDIRECT] [Fatal Error] :1:1: Premature end of file.
2025-04-22 09:38:54,719 [ERROR] LogOutputStream:75 - [STDERR_REDIRECT] 
2025-04-22 09:38:55,716 [ERROR] LogOutputStream:75 - [STDERR_REDIRECT] [Fatal Error] :1:1: Premature end of file.
2025-04-22 09:38:55,716 [ERROR] LogOutputStream:75 - [STDERR_REDIRECT] 
2025-04-22 09:38:56,721 [ERROR] LogOutputStream:75 - [STDERR_REDIRECT] [Fatal Error] :1:1: Premature end of file.
2025-04-22 09:38:56,721 [ERROR] LogOutputStream:75 - [STDERR_REDIRECT] 
2025-04-22 09:38:57,729 [ERROR] LogOutputStream:75 - [STDERR_REDIRECT] [Fatal Error] :1:1: Premature end of file.
2025-04-22 09:38:57,730 [ERROR] LogOutputStream:75 - [STDERR_REDIRECT] 
2025-04-22 09:38:58,725 [ERROR] LogOutputStream:75 - [STDERR_REDIRECT] [Fatal Error] :1:1: Premature end of file.
2025-04-22 09:38:58,726 [ERROR] LogOutputStream:75 - [STDERR_REDIRECT] 
2025-04-22 09:38:59,728 [ERROR] LogOutputStream:75 - [STDERR_REDIRECT] [Fatal Error] :1:1: Premature end of file.
2025-04-22 09:38:59,728 [ERROR] LogOutputStream:75 - [STDERR_REDIRECT] 
2025-04-22 09:39:00,727 [ERROR] LogOutputStream:75 - [STDERR_REDIRECT] [Fatal Error] :1:1: Premature end of file.
2025-04-22 09:39:00,727 [ERROR] LogOutputStream:75 - [STDERR_REDIRECT] 
2025-04-22 09:39:01,721 [ERROR] LogOutputStream:75 - [STDERR_REDIRECT] [Fatal Error] :1:1: Premature end of file.
2025-04-22 09:39:01,722 [ERROR] LogOutputStream:75 - [STDERR_REDIRECT] 
2025-04-22 09:39:02,734 [ERROR] LogOutputStream:75 - [STDERR_REDIRECT] [Fatal Error] :1:1: Premature end of file.
2025-04-22 09:39:02,734 [ERROR] LogOutputStream:75 - [STDERR_REDIRECT] 
2025-04-22 09:39:03,735 [ERROR] LogOutputStream:75 - [STDERR_REDIRECT] [Fatal Error] :1:1: Premature end of file.
2025-04-22 09:39:03,736 [ERROR] LogOutputStream:75 - [STDERR_REDIRECT] 
2025-04-22 09:39:04,732 [ERROR] LogOutputStream:75 - [STDERR_REDIRECT] [Fatal Error] :1:1: Premature end of file.
2025-04-22 09:39:04,733 [ERROR] LogOutputStream:75 - [STDERR_REDIRECT] 
2025-04-22 09:39:05,724 [ERROR] LogOutputStream:75 - [STDERR_REDIRECT] [Fatal Error] :1:1: Premature end of file.
2025-04-22 09:39:05,725 [ERROR] LogOutputStream:75 - [STDERR_REDIRECT] 
2025-04-22 09:39:06,722 [ERROR] LogOutputStream:75 - [STDERR_REDIRECT] [Fatal Error] :1:1: Premature end of file.
2025-04-22 09:39:06,722 [ERROR] LogOutputStream:75 - [STDERR_REDIRECT] 
2025-04-22 09:39:07,730 [ERROR] LogOutputStream:75 - [STDERR_REDIRECT] [Fatal Error] :1:1: Premature end of file.
2025-04-22 09:39:07,730 [ERROR] LogOutputStream:75 - [STDERR_REDIRECT] 
2025-04-22 09:39:08,735 [ERROR] LogOutputStream:75 - [STDERR_REDIRECT] [Fatal Error] :1:1: Premature end of file.
2025-04-22 09:39:08,735 [ERROR] LogOutputStream:75 - [STDERR_REDIRECT] 
2025-04-22 09:39:09,721 [ERROR] LogOutputStream:75 - [STDERR_REDIRECT] [Fatal Error] :1:1: Premature end of file.
2025-04-22 09:39:09,721 [ERROR] LogOutputStream:75 - [STDERR_REDIRECT] 
2025-04-22 09:39:10,724 [ERROR] LogOutputStream:75 - [STDERR_REDIRECT] [Fatal Error] :1:1: Premature end of file.
2025-04-22 09:39:10,724 [ERROR] LogOutputStream:75 - [STDERR_REDIRECT] 
2025-04-22 09:39:11,729 [ERROR] LogOutputStream:75 - [STDERR_REDIRECT] [Fatal Error] :1:1: Premature end of file.
2025-04-22 09:39:11,730 [ERROR] LogOutputStream:75 - [STDERR_REDIRECT] 
2025-04-22 09:39:12,744 [ERROR] LogOutputStream:75 - [STDERR_REDIRECT] [Fatal Error] :1:1: Premature end of file.
2025-04-22 09:39:12,744 [ERROR] LogOutputStream:75 - [STDERR_REDIRECT] 
2025-04-22 09:39:13,731 [ERROR] LogOutputStream:75 - [STDERR_REDIRECT] [Fatal Error] :1:1: Premature end of file.
2025-04-22 09:39:13,731 [ERROR] LogOutputStream:75 - [STDERR_REDIRECT] 
2025-04-22 09:39:14,723 [ERROR] LogOutputStream:75 - [STDERR_REDIRECT] [Fatal Error] :1:1: Premature end of file.
2025-04-22 09:39:14,724 [ERROR] LogOutputStream:75 - [STDERR_REDIRECT] 
2025-04-22 09:39:15,723 [ERROR] LogOutputStream:75 - [STDERR_REDIRECT] [Fatal Error] :1:1: Premature end of file.
2025-04-22 09:39:15,724 [ERROR] LogOutputStream:75 - [STDERR_REDIRECT] 
2025-04-22 09:39:16,728 [ERROR] LogOutputStream:75 - [STDERR_REDIRECT] [Fatal Error] :1:1: Premature end of file.
2025-04-22 09:39:16,729 [ERROR] LogOutputStream:75 - [STDERR_REDIRECT] 
2025-04-22 09:39:17,728 [ERROR] LogOutputStream:75 - [STDERR_REDIRECT] [Fatal Error] :1:1: Premature end of file.
2025-04-22 09:39:17,728 [ERROR] LogOutputStream:75 - [STDERR_REDIRECT] 
2025-04-22 09:39:18,730 [ERROR] LogOutputStream:75 - [STDERR_REDIRECT] [Fatal Error] :1:1: Premature end of file.
2025-04-22 09:39:18,730 [ERROR] LogOutputStream:75 - [STDERR_REDIRECT] 
2025-04-22 09:39:19,732 [ERROR] LogOutputStream:75 - [STDERR_REDIRECT] [Fatal Error] :1:1: Premature end of file.
2025-04-22 09:39:19,732 [ERROR] LogOutputStream:75 - [STDERR_REDIRECT] 
2025-04-22 09:39:20,724 [ERROR] LogOutputStream:75 - [STDERR_REDIRECT] [Fatal Error] :1:1: Premature end of file.
2025-04-22 09:39:20,724 [ERROR] LogOutputStream:75 - [STDERR_REDIRECT] 
2025-04-22 09:39:21,721 [ERROR] LogOutputStream:75 - [STDERR_REDIRECT] [Fatal Error] :1:1: Premature end of file.
2025-04-22 09:39:21,721 [ERROR] LogOutputStream:75 - [STDERR_REDIRECT] 
2025-04-22 09:39:22,720 [ERROR] LogOutputStream:75 - [STDERR_REDIRECT] [Fatal Error] :1:1: Premature end of file.
2025-04-22 09:39:22,720 [ERROR] LogOutputStream:75 - [STDERR_REDIRECT] 
2025-04-22 09:39:23,719 [ERROR] LogOutputStream:75 - [STDERR_REDIRECT] [Fatal Error] :1:1: Premature end of file.
2025-04-22 09:39:23,719 [ERROR] LogOutputStream:75 - [STDERR_REDIRECT] 
2025-04-22 09:39:24,718 [ERROR] LogOutputStream:75 - [STDERR_REDIRECT] [Fatal Error] :1:1: Premature end of file.
2025-04-22 09:39:24,718 [ERROR] LogOutputStream:75 - [STDERR_REDIRECT] 
2025-04-22 09:39:25,728 [ERROR] LogOutputStream:75 - [STDERR_REDIRECT] [Fatal Error] :1:1: Premature end of file.
2025-04-22 09:39:25,729 [ERROR] LogOutputStream:75 - [STDERR_REDIRECT] 
2025-04-22 09:39:26,721 [ERROR] LogOutputStream:75 - [STDERR_REDIRECT] [Fatal Error] :1:1: Premature end of file.
2025-04-22 09:39:26,722 [ERROR] LogOutputStream:75 - [STDERR_REDIRECT] 
2025-04-22 09:39:27,726 [ERROR] LogOutputStream:75 - [STDERR_REDIRECT] [Fatal Error] :1:1: Premature end of file.
2025-04-22 09:39:27,727 [ERROR] LogOutputStream:75 - [STDERR_REDIRECT] 
2025-04-22 09:39:28,723 [ERROR] LogOutputStream:75 - [STDERR_REDIRECT] [Fatal Error] :1:1: Premature end of file.
2025-04-22 09:39:28,723 [ERROR] LogOutputStream:75 - [STDERR_REDIRECT] 
2025-04-22 09:39:29,723 [ERROR] LogOutputStream:75 - [STDERR_REDIRECT] [Fatal Error] :1:1: Premature end of file.
2025-04-22 09:39:29,723 [ERROR] LogOutputStream:75 - [STDERR_REDIRECT] 
2025-04-22 09:39:30,723 [ERROR] LogOutputStream:75 - [STDERR_REDIRECT] [Fatal Error] :1:1: Premature end of file.
2025-04-22 09:39:30,723 [ERROR] LogOutputStream:75 - [STDERR_REDIRECT] 
2025-04-22 09:39:31,727 [ERROR] LogOutputStream:75 - [STDERR_REDIRECT] [Fatal Error] :1:1: Premature end of file.
2025-04-22 09:39:31,727 [ERROR] LogOutputStream:75 - [STDERR_REDIRECT] 
2025-04-22 09:39:32,729 [ERROR] LogOutputStream:75 - [STDERR_REDIRECT] [Fatal Error] :1:1: Premature end of file.
2025-04-22 09:39:32,730 [ERROR] LogOutputStream:75 - [STDERR_REDIRECT] 
2025-04-22 09:39:33,743 [ERROR] LogOutputStream:75 - [STDERR_REDIRECT] [Fatal Error] :1:1: Premature end of file.
2025-04-22 09:39:33,743 [ERROR] LogOutputStream:75 - [STDERR_REDIRECT] 
2025-04-22 09:39:34,738 [ERROR] LogOutputStream:75 - [STDERR_REDIRECT] [Fatal Error] :1:1: Premature end of file.
2025-04-22 09:39:34,738 [ERROR] LogOutputStream:75 - [STDERR_REDIRECT] 
2025-04-22 09:39:35,733 [ERROR] LogOutputStream:75 - [STDERR_REDIRECT] [Fatal Error] :1:1: Premature end of file.
2025-04-22 09:39:35,734 [ERROR] LogOutputStream:75 - [STDERR_REDIRECT] 
2025-04-22 09:39:36,741 [ERROR] LogOutputStream:75 - [STDERR_REDIRECT] [Fatal Error] :1:1: Premature end of file.
2025-04-22 09:39:36,741 [ERROR] LogOutputStream:75 - [STDERR_REDIRECT] 
2025-04-22 09:39:37,722 [ERROR] LogOutputStream:75 - [STDERR_REDIRECT] [Fatal Error] :1:1: Premature end of file.
2025-04-22 09:39:37,722 [ERROR] LogOutputStream:75 - [STDERR_REDIRECT] 
2025-04-22 09:39:38,729 [ERROR] LogOutputStream:75 - [STDERR_REDIRECT] [Fatal Error] :1:1: Premature end of file.
2025-04-22 09:39:38,729 [ERROR] LogOutputStream:75 - [STDERR_REDIRECT] 
2025-04-22 09:39:39,726 [ERROR] LogOutputStream:75 - [STDERR_REDIRECT] [Fatal Error] :1:1: Premature end of file.
2025-04-22 09:39:39,727 [ERROR] LogOutputStream:75 - [STDERR_REDIRECT] 
2025-04-22 09:39:40,718 [ERROR] LogOutputStream:75 - [STDERR_REDIRECT] [Fatal Error] :1:1: Premature end of file.
2025-04-22 09:39:40,718 [ERROR] LogOutputStream:75 - [STDERR_REDIRECT] 
2025-04-22 09:39:41,740 [ERROR] LogOutputStream:75 - [STDERR_REDIRECT] [Fatal Error] :1:1: Premature end of file.
2025-04-22 09:39:41,740 [ERROR] LogOutputStream:75 - [STDERR_REDIRECT] 
2025-04-22 09:39:42,726 [ERROR] LogOutputStream:75 - [STDERR_REDIRECT] [Fatal Error] :1:1: Premature end of file.
2025-04-22 09:39:42,726 [ERROR] LogOutputStream:75 - [STDERR_REDIRECT] 
2025-04-22 09:39:43,722 [ERROR] LogOutputStream:75 - [STDERR_REDIRECT] [Fatal Error] :1:1: Premature end of file.
2025-04-22 09:39:43,723 [ERROR] LogOutputStream:75 - [STDERR_REDIRECT] 
2025-04-22 09:39:43,850 [ERROR] LogOutputStream:75 - [STDERR_REDIRECT] 
